android-native/app/build/intermediates/manifest_merge_blame_file/debug/processDebugMainManifest/manifest-merger-blame-debug-report.txt
1<?xml version="1.0" encoding="utf-8"?>
2<manifest xmlns:android="http://schemas.android.com/apk/res/android"
3    package="com.waxmes.app"
4    android:versionCode="1"
5    android:versionName="0.1.0" >
6
7    <uses-sdk
8        android:minSdkVersion="26"
9        android:targetSdkVersion="35" />
10
11    <uses-permission android:name="android.permission.INTERNET" />
11-->src\main\AndroidManifest.xml:2:5-67
11-->src\main\AndroidManifest.xml:2:22-64
12    <uses-permission android:name="android.permission.RECORD_AUDIO" />
12-->src\main\AndroidManifest.xml:3:5-71
12-->src\main\AndroidManifest.xml:3:22-68
13    <uses-permission android:name="android.permission.CAMERA" />
13-->src\main\AndroidManifest.xml:4:5-65
13-->src\main\AndroidManifest.xml:4:22-62
14    <uses-permission android:name="android.permission.ACCESS_NETWORK_STATE" />
14-->[com.google.firebase:firebase-auth:23.1.0] AndroidManifest.xml:26:5-79
14-->[com.google.firebase:firebase-auth:23.1.0] AndroidManifest.xml:26:22-76
15    <uses-permission android:name="com.google.android.providers.gsf.permission.READ_GSERVICES" />
15-->[com.google.android.recaptcha:recaptcha:18.5.1] AndroidManifest.xml:9:5-98
15-->[com.google.android.recaptcha:recaptcha:18.5.1] AndroidManifest.xml:9:22-95
16
17    <permission
17-->[androidx.core:core:1.13.1] AndroidManifest.xml:22:5-24:47
18        android:name="com.waxmes.app.DYNAMIC_RECEIVER_NOT_EXPORTED_PERMISSION"
18-->[androidx.core:core:1.13.1] AndroidManifest.xml:23:9-81
19        android:protectionLevel="signature" />
19-->[androidx.core:core:1.13.1] AndroidManifest.xml:24:9-44
20
21    <uses-permission android:name="com.waxmes.app.DYNAMIC_RECEIVER_NOT_EXPORTED_PERMISSION" />
21-->[androidx.core:core:1.13.1] AndroidManifest.xml:26:5-97
21-->[androidx.core:core:1.13.1] AndroidManifest.xml:26:22-94
22
23    <application
23-->src\main\AndroidManifest.xml:5:5-19:19
24        android:allowBackup="true"
24-->src\main\AndroidManifest.xml:6:9-35
25        android:appComponentFactory="androidx.core.app.CoreComponentFactory"
25-->[androidx.core:core:1.13.1] AndroidManifest.xml:28:18-86
26        android:debuggable="true"
27        android:extractNativeLibs="false"
28        android:label="WaxMes"
28-->src\main\AndroidManifest.xml:7:9-31
29        android:supportsRtl="true"
29-->src\main\AndroidManifest.xml:8:9-35
30        android:theme="@style/Theme.WaxMes" >
30-->src\main\AndroidManifest.xml:9:9-44
31        <activity
31-->src\main\AndroidManifest.xml:10:9-18:20
32            android:name="com.waxmes.app.MainActivity"
32-->src\main\AndroidManifest.xml:11:13-41
33            android:exported="true"
33-->src\main\AndroidManifest.xml:12:13-36
34            android:windowSoftInputMode="adjustResize" >
34-->src\main\AndroidManifest.xml:13:13-55
35            <intent-filter>
35-->src\main\AndroidManifest.xml:14:13-17:29
36                <action android:name="android.intent.action.MAIN" />
36-->src\main\AndroidManifest.xml:15:17-69
36-->src\main\AndroidManifest.xml:15:25-66
37
38                <category android:name="android.intent.category.LAUNCHER" />
38-->src\main\AndroidManifest.xml:16:17-77
38-->src\main\AndroidManifest.xml:16:27-74
39            </intent-filter>
40        </activity>
41        <activity
41-->[com.google.firebase:firebase-auth:23.1.0] AndroidManifest.xml:29:9-46:20
42            android:name="com.google.firebase.auth.internal.GenericIdpActivity"
42-->[com.google.firebase:firebase-auth:23.1.0] AndroidManifest.xml:30:13-80
43            android:excludeFromRecents="true"
43-->[com.google.firebase:firebase-auth:23.1.0] AndroidManifest.xml:31:13-46
44            android:exported="true"
44-->[com.google.firebase:firebase-auth:23.1.0] AndroidManifest.xml:32:13-36
45            android:launchMode="singleTask"
45-->[com.google.firebase:firebase-auth:23.1.0] AndroidManifest.xml:33:13-44
46            android:theme="@android:style/Theme.Translucent.NoTitleBar" >
46-->[com.google.firebase:firebase-auth:23.1.0] AndroidManifest.xml:34:13-72
47            <intent-filter>
47-->[com.google.firebase:firebase-auth:23.1.0] AndroidManifest.xml:35:13-45:29
48                <action android:name="android.intent.action.VIEW" />
48-->[com.google.firebase:firebase-auth:23.1.0] AndroidManifest.xml:36:17-69
48-->[com.google.firebase:firebase-auth:23.1.0] AndroidManifest.xml:36:25-66
49
50                <category android:name="android.intent.category.DEFAULT" />
50-->[com.google.firebase:firebase-auth:23.1.0] AndroidManifest.xml:38:17-76
50-->[com.google.firebase:firebase-auth:23.1.0] AndroidManifest.xml:38:27-73
51                <category android:name="android.intent.category.BROWSABLE" />
51-->[com.google.firebase:firebase-auth:23.1.0] AndroidManifest.xml:39:17-78
51-->[com.google.firebase:firebase-auth:23.1.0] AndroidManifest.xml:39:27-75
52
53                <data
53-->[com.google.firebase:firebase-auth:23.1.0] AndroidManifest.xml:41:17-44:51
54                    android:host="firebase.auth"
54-->[com.google.firebase:firebase-auth:23.1.0] AndroidManifest.xml:42:21-49
55                    android:path="/"
55-->[com.google.firebase:firebase-auth:23.1.0] AndroidManifest.xml:43:21-37
56                    android:scheme="genericidp" />
56-->[com.google.firebase:firebase-auth:23.1.0] AndroidManifest.xml:44:21-48
57            </intent-filter>
58        </activity>
59        <activity
59-->[com.google.firebase:firebase-auth:23.1.0] AndroidManifest.xml:47:9-64:20
60            android:name="com.google.firebase.auth.internal.RecaptchaActivity"
60-->[com.google.firebase:firebase-auth:23.1.0] AndroidManifest.xml:48:13-79
61            android:excludeFromRecents="true"
61-->[com.google.firebase:firebase-auth:23.1.0] AndroidManifest.xml:49:13-46
62            android:exported="true"
62-->[com.google.firebase:firebase-auth:23.1.0] AndroidManifest.xml:50:13-36
63            android:launchMode="singleTask"
63-->[com.google.firebase:firebase-auth:23.1.0] AndroidManifest.xml:51:13-44
64            android:theme="@android:style/Theme.Translucent.NoTitleBar" >
64-->[com.google.firebase:firebase-auth:23.1.0] AndroidManifest.xml:52:13-72
65            <intent-filter>
65-->[com.google.firebase:firebase-auth:23.1.0] AndroidManifest.xml:53:13-63:29
66                <action android:name="android.intent.action.VIEW" />
66-->[com.google.firebase:firebase-auth:23.1.0] AndroidManifest.xml:36:17-69
66-->[com.google.firebase:firebase-auth:23.1.0] AndroidManifest.xml:36:25-66
67
68                <category android:name="android.intent.category.DEFAULT" />
68-->[com.google.firebase:firebase-auth:23.1.0] AndroidManifest.xml:38:17-76
68-->[com.google.firebase:firebase-auth:23.1.0] AndroidManifest.xml:38:27-73
69                <category android:name="android.intent.category.BROWSABLE" />
69-->[com.google.firebase:firebase-auth:23.1.0] AndroidManifest.xml:39:17-78
69-->[com.google.firebase:firebase-auth:23.1.0] AndroidManifest.xml:39:27-75
70
71                <data
71-->[com.google.firebase:firebase-auth:23.1.0] AndroidManifest.xml:41:17-44:51
72                    android:host="firebase.auth"
72-->[com.google.firebase:firebase-auth:23.1.0] AndroidManifest.xml:42:21-49
73                    android:path="/"
73-->[com.google.firebase:firebase-auth:23.1.0] AndroidManifest.xml:43:21-37
74                    android:scheme="recaptcha" />
74-->[com.google.firebase:firebase-auth:23.1.0] AndroidManifest.xml:44:21-48
75            </intent-filter>
76        </activity>
77
78        <service
78-->[com.google.firebase:firebase-auth:23.1.0] AndroidManifest.xml:66:9-72:19
79            android:name="com.google.firebase.components.ComponentDiscoveryService"
79-->[com.google.firebase:firebase-auth:23.1.0] AndroidManifest.xml:67:13-84
80            android:directBootAware="true"
80-->[com.google.firebase:firebase-common:21.0.0] AndroidManifest.xml:32:13-43
81            android:exported="false" >
81-->[com.google.firebase:firebase-auth:23.1.0] AndroidManifest.xml:68:13-37
82            <meta-data
82-->[com.google.firebase:firebase-auth:23.1.0] AndroidManifest.xml:69:13-71:85
83                android:name="com.google.firebase.components:com.google.firebase.auth.FirebaseAuthRegistrar"
83-->[com.google.firebase:firebase-auth:23.1.0] AndroidManifest.xml:70:17-109
84                android:value="com.google.firebase.components.ComponentRegistrar" />
84-->[com.google.firebase:firebase-auth:23.1.0] AndroidManifest.xml:71:17-82
85            <meta-data
85-->[com.google.firebase:firebase-firestore:25.1.1] AndroidManifest.xml:17:13-19:85
86                android:name="com.google.firebase.components:com.google.firebase.firestore.FirebaseFirestoreKtxRegistrar"
86-->[com.google.firebase:firebase-firestore:25.1.1] AndroidManifest.xml:18:17-122
87                android:value="com.google.firebase.components.ComponentRegistrar" />
87-->[com.google.firebase:firebase-firestore:25.1.1] AndroidManifest.xml:19:17-82
88            <meta-data
88-->[com.google.firebase:firebase-firestore:25.1.1] AndroidManifest.xml:20:13-22:85
89                android:name="com.google.firebase.components:com.google.firebase.firestore.FirestoreRegistrar"
89-->[com.google.firebase:firebase-firestore:25.1.1] AndroidManifest.xml:21:17-111
90                android:value="com.google.firebase.components.ComponentRegistrar" />
90-->[com.google.firebase:firebase-firestore:25.1.1] AndroidManifest.xml:22:17-82
91            <meta-data
91-->[com.google.firebase:firebase-common-ktx:21.0.0] AndroidManifest.xml:12:13-14:85
92                android:name="com.google.firebase.components:com.google.firebase.ktx.FirebaseCommonLegacyRegistrar"
92-->[com.google.firebase:firebase-common-ktx:21.0.0] AndroidManifest.xml:13:17-116
93                android:value="com.google.firebase.components.ComponentRegistrar" />
93-->[com.google.firebase:firebase-common-ktx:21.0.0] AndroidManifest.xml:14:17-82
94            <meta-data
94-->[com.google.firebase:firebase-common:21.0.0] AndroidManifest.xml:35:13-37:85
95                android:name="com.google.firebase.components:com.google.firebase.FirebaseCommonKtxRegistrar"
95-->[com.google.firebase:firebase-common:21.0.0] AndroidManifest.xml:36:17-109
96                android:value="com.google.firebase.components.ComponentRegistrar" />
96-->[com.google.firebase:firebase-common:21.0.0] AndroidManifest.xml:37:17-82
97        </service>
98        <service
98-->[androidx.credentials:credentials-play-services-auth:1.2.0-rc01] AndroidManifest.xml:24:9-32:19
99            android:name="androidx.credentials.playservices.CredentialProviderMetadataHolder"
99-->[androidx.credentials:credentials-play-services-auth:1.2.0-rc01] AndroidManifest.xml:25:13-94
100            android:enabled="true"
100-->[androidx.credentials:credentials-play-services-auth:1.2.0-rc01] AndroidManifest.xml:26:13-35
101            android:exported="false" >
101-->[androidx.credentials:credentials-play-services-auth:1.2.0-rc01] AndroidManifest.xml:27:13-37
102            <meta-data
102-->[androidx.credentials:credentials-play-services-auth:1.2.0-rc01] AndroidManifest.xml:29:13-31:104
103                android:name="androidx.credentials.CREDENTIAL_PROVIDER_KEY"
103-->[androidx.credentials:credentials-play-services-auth:1.2.0-rc01] AndroidManifest.xml:30:17-76
104                android:value="androidx.credentials.playservices.CredentialProviderPlayServicesImpl" />
104-->[androidx.credentials:credentials-play-services-auth:1.2.0-rc01] AndroidManifest.xml:31:17-101
105        </service>
106
107        <activity
107-->[androidx.credentials:credentials-play-services-auth:1.2.0-rc01] AndroidManifest.xml:34:9-41:20
108            android:name="androidx.credentials.playservices.HiddenActivity"
108-->[androidx.credentials:credentials-play-services-auth:1.2.0-rc01] AndroidManifest.xml:35:13-76
109            android:configChanges="orientation|screenSize|screenLayout|keyboardHidden"
109-->[androidx.credentials:credentials-play-services-auth:1.2.0-rc01] AndroidManifest.xml:36:13-87
110            android:enabled="true"
110-->[androidx.credentials:credentials-play-services-auth:1.2.0-rc01] AndroidManifest.xml:37:13-35
111            android:exported="false"
111-->[androidx.credentials:credentials-play-services-auth:1.2.0-rc01] AndroidManifest.xml:38:13-37
112            android:fitsSystemWindows="true"
112-->[androidx.credentials:credentials-play-services-auth:1.2.0-rc01] AndroidManifest.xml:39:13-45
113            android:theme="@style/Theme.Hidden" >
113-->[androidx.credentials:credentials-play-services-auth:1.2.0-rc01] AndroidManifest.xml:40:13-48
114        </activity>
115        <activity
115-->[com.google.android.gms:play-services-auth:20.7.0] AndroidManifest.xml:23:9-27:75
116            android:name="com.google.android.gms.auth.api.signin.internal.SignInHubActivity"
116-->[com.google.android.gms:play-services-auth:20.7.0] AndroidManifest.xml:24:13-93
117            android:excludeFromRecents="true"
117-->[com.google.android.gms:play-services-auth:20.7.0] AndroidManifest.xml:25:13-46
118            android:exported="false"
118-->[com.google.android.gms:play-services-auth:20.7.0] AndroidManifest.xml:26:13-37
119            android:theme="@android:style/Theme.Translucent.NoTitleBar" />
119-->[com.google.android.gms:play-services-auth:20.7.0] AndroidManifest.xml:27:13-72
120        <!--
121            Service handling Google Sign-In user revocation. For apps that do not integrate with
122            Google Sign-In, this service will never be started.
123        -->
124        <service
124-->[com.google.android.gms:play-services-auth:20.7.0] AndroidManifest.xml:33:9-37:51
125            android:name="com.google.android.gms.auth.api.signin.RevocationBoundService"
125-->[com.google.android.gms:play-services-auth:20.7.0] AndroidManifest.xml:34:13-89
126            android:exported="true"
126-->[com.google.android.gms:play-services-auth:20.7.0] AndroidManifest.xml:35:13-36
127            android:permission="com.google.android.gms.auth.api.signin.permission.REVOCATION_NOTIFICATION"
127-->[com.google.android.gms:play-services-auth:20.7.0] AndroidManifest.xml:36:13-107
128            android:visibleToInstantApps="true" />
128-->[com.google.android.gms:play-services-auth:20.7.0] AndroidManifest.xml:37:13-48
129
130        <activity
130-->[com.google.android.gms:play-services-base:18.0.1] AndroidManifest.xml:20:9-22:45
131            android:name="com.google.android.gms.common.api.GoogleApiActivity"
131-->[com.google.android.gms:play-services-base:18.0.1] AndroidManifest.xml:20:19-85
132            android:exported="false"
132-->[com.google.android.gms:play-services-base:18.0.1] AndroidManifest.xml:22:19-43
133            android:theme="@android:style/Theme.Translucent.NoTitleBar" />
133-->[com.google.android.gms:play-services-base:18.0.1] AndroidManifest.xml:21:19-78
134
135        <provider
135-->[androidx.emoji2:emoji2:1.3.0] AndroidManifest.xml:24:9-32:20
136            android:name="androidx.startup.InitializationProvider"
136-->[androidx.emoji2:emoji2:1.3.0] AndroidManifest.xml:25:13-67
137            android:authorities="com.waxmes.app.androidx-startup"
137-->[androidx.emoji2:emoji2:1.3.0] AndroidManifest.xml:26:13-68
138            android:exported="false" >
138-->[androidx.emoji2:emoji2:1.3.0] AndroidManifest.xml:27:13-37
139            <meta-data
139-->[androidx.emoji2:emoji2:1.3.0] AndroidManifest.xml:29:13-31:52
140                android:name="androidx.emoji2.text.EmojiCompatInitializer"
140-->[androidx.emoji2:emoji2:1.3.0] AndroidManifest.xml:30:17-75
141                android:value="androidx.startup" />
141-->[androidx.emoji2:emoji2:1.3.0] AndroidManifest.xml:31:17-49
142            <meta-data
142-->[androidx.lifecycle:lifecycle-process:2.8.7] AndroidManifest.xml:29:13-31:52
143                android:name="androidx.lifecycle.ProcessLifecycleInitializer"
143-->[androidx.lifecycle:lifecycle-process:2.8.7] AndroidManifest.xml:30:17-78
144                android:value="androidx.startup" />
144-->[androidx.lifecycle:lifecycle-process:2.8.7] AndroidManifest.xml:31:17-49
145            <meta-data
145-->[androidx.profileinstaller:profileinstaller:1.3.1] AndroidManifest.xml:29:13-31:52
146                android:name="androidx.profileinstaller.ProfileInstallerInitializer"
146-->[androidx.profileinstaller:profileinstaller:1.3.1] AndroidManifest.xml:30:17-85
147                android:value="androidx.startup" />
147-->[androidx.profileinstaller:profileinstaller:1.3.1] AndroidManifest.xml:31:17-49
148        </provider>
149        <provider
149-->[com.google.firebase:firebase-common:21.0.0] AndroidManifest.xml:23:9-28:39
150            android:name="com.google.firebase.provider.FirebaseInitProvider"
150-->[com.google.firebase:firebase-common:21.0.0] AndroidManifest.xml:24:13-77
151            android:authorities="com.waxmes.app.firebaseinitprovider"
151-->[com.google.firebase:firebase-common:21.0.0] AndroidManifest.xml:25:13-72
152            android:directBootAware="true"
152-->[com.google.firebase:firebase-common:21.0.0] AndroidManifest.xml:26:13-43
153            android:exported="false"
153-->[com.google.firebase:firebase-common:21.0.0] AndroidManifest.xml:27:13-37
154            android:initOrder="100" />
154-->[com.google.firebase:firebase-common:21.0.0] AndroidManifest.xml:28:13-36
155
156        <meta-data
156-->[com.google.android.gms:play-services-basement:18.4.0] AndroidManifest.xml:6:9-122
157            android:name="com.google.android.gms.version"
157-->[com.google.android.gms:play-services-basement:18.4.0] AndroidManifest.xml:6:20-65
158            android:value="@integer/google_play_services_version" />
158-->[com.google.android.gms:play-services-basement:18.4.0] AndroidManifest.xml:6:66-119
159
160        <receiver
160-->[androidx.profileinstaller:profileinstaller:1.3.1] AndroidManifest.xml:34:9-52:20
161            android:name="androidx.profileinstaller.ProfileInstallReceiver"
161-->[androidx.profileinstaller:profileinstaller:1.3.1] AndroidManifest.xml:35:13-76
162            android:directBootAware="false"
162-->[androidx.profileinstaller:profileinstaller:1.3.1] AndroidManifest.xml:36:13-44
163            android:enabled="true"
163-->[androidx.profileinstaller:profileinstaller:1.3.1] AndroidManifest.xml:37:13-35
164            android:exported="true"
164-->[androidx.profileinstaller:profileinstaller:1.3.1] AndroidManifest.xml:38:13-36
165            android:permission="android.permission.DUMP" >
165-->[androidx.profileinstaller:profileinstaller:1.3.1] AndroidManifest.xml:39:13-57
166            <intent-filter>
166-->[androidx.profileinstaller:profileinstaller:1.3.1] AndroidManifest.xml:40:13-42:29
167                <action android:name="androidx.profileinstaller.action.INSTALL_PROFILE" />
167-->[androidx.profileinstaller:profileinstaller:1.3.1] AndroidManifest.xml:41:17-91
167-->[androidx.profileinstaller:profileinstaller:1.3.1] AndroidManifest.xml:41:25-88
168            </intent-filter>
169            <intent-filter>
169-->[androidx.profileinstaller:profileinstaller:1.3.1] AndroidManifest.xml:43:13-45:29
170                <action android:name="androidx.profileinstaller.action.SKIP_FILE" />
170-->[androidx.profileinstaller:profileinstaller:1.3.1] AndroidManifest.xml:44:17-85
170-->[androidx.profileinstaller:profileinstaller:1.3.1] AndroidManifest.xml:44:25-82
171            </intent-filter>
172            <intent-filter>
172-->[androidx.profileinstaller:profileinstaller:1.3.1] AndroidManifest.xml:46:13-48:29
173                <action android:name="androidx.profileinstaller.action.SAVE_PROFILE" />
173-->[androidx.profileinstaller:profileinstaller:1.3.1] AndroidManifest.xml:47:17-88
173-->[androidx.profileinstaller:profileinstaller:1.3.1] AndroidManifest.xml:47:25-85
174            </intent-filter>
175            <intent-filter>
175-->[androidx.profileinstaller:profileinstaller:1.3.1] AndroidManifest.xml:49:13-51:29
176                <action android:name="androidx.profileinstaller.action.BENCHMARK_OPERATION" />
176-->[androidx.profileinstaller:profileinstaller:1.3.1] AndroidManifest.xml:50:17-95
176-->[androidx.profileinstaller:profileinstaller:1.3.1] AndroidManifest.xml:50:25-92
177            </intent-filter>
178        </receiver> <!-- The activities will be merged into the manifest of the hosting app. -->
179        <activity
179-->[com.google.android.play:core-common:2.0.3] AndroidManifest.xml:14:9-18:65
180            android:name="com.google.android.play.core.common.PlayCoreDialogWrapperActivity"
180-->[com.google.android.play:core-common:2.0.3] AndroidManifest.xml:15:13-93
181            android:exported="false"
181-->[com.google.android.play:core-common:2.0.3] AndroidManifest.xml:16:13-37
182            android:stateNotNeeded="true"
182-->[com.google.android.play:core-common:2.0.3] AndroidManifest.xml:17:13-42
183            android:theme="@style/Theme.PlayCore.Transparent" />
183-->[com.google.android.play:core-common:2.0.3] AndroidManifest.xml:18:13-62
184    </application>
185
186</manifest>